Oct 01, 2025 1:29:55 PM com.bridgepattern.util.AppLogger <clinit>
INFO: AppLogger initialized.
Oct 01, 2025 1:29:55 PM com.bridgepattern.util.AppLogger info
INFO: Notification System Application Started.
Oct 01, 2025 1:29:55 PM com.bridgepattern.util.AppLogger info
INFO: Notification created with sender: EmailSender
Oct 01, 2025 1:29:55 PM com.bridgepattern.util.AppLogger info
INFO: EmailNotification initialized.
Oct 01, 2025 1:29:55 PM com.bridgepattern.util.AppLogger info
INFO: Notification created with sender: SMSSender
Oct 01, 2025 1:29:55 PM com.bridgepattern.util.AppLogger info
INFO: SMSNotification initialized.
Oct 01, 2025 1:29:55 PM com.bridgepattern.util.AppLogger info
INFO: Notification created with sender: PushSender
Oct 01, 2025 1:29:55 PM com.bridgepattern.util.AppLogger info
INFO: PushNotification initialized.
Oct 01, 2025 1:29:55 PM com.bridgepattern.util.AppLogger info
INFO: Notification created with sender: SMSSender
Oct 01, 2025 1:29:55 PM com.bridgepattern.util.AppLogger info
INFO: EmailNotification initialized.
Oct 01, 2025 1:29:55 PM com.bridgepattern.util.AppLogger info
INFO: Notification created with sender: EmailSender
Oct 01, 2025 1:29:55 PM com.bridgepattern.util.AppLogger info
INFO: SMSNotification initialized.
Oct 01, 2025 1:33:27 PM com.bridgepattern.util.AppLogger info
INFO: Attempting to send notification...
Oct 01, 2025 1:33:27 PM com.bridgepattern.util.AppLogger info
INFO: Preparing to send email notification to tce@gmail.com using EmailSender
Oct 01, 2025 1:33:27 PM com.bridgepattern.util.AppLogger info
INFO: Email sent to tce@gmail.com: Email: Hi
Oct 01, 2025 1:33:27 PM com.bridgepattern.util.AppLogger info
INFO: Email notification successfully processed for tce@gmail.com
Oct 01, 2025 1:33:57 PM com.bridgepattern.util.AppLogger info
INFO: Attempting to send notification...
Oct 01, 2025 1:33:57 PM com.bridgepattern.util.AppLogger info
INFO: Preparing to send SMS notification to 7654567890 using SMSSender
Oct 01, 2025 1:33:57 PM com.bridgepattern.util.AppLogger info
INFO: SMS sent to 7654567890: SMS: dwckfgewfjgr
Oct 01, 2025 1:33:57 PM com.bridgepattern.util.AppLogger info
INFO: SMS notification successfully processed for 7654567890
Oct 01, 2025 1:34:22 PM com.bridgepattern.util.AppLogger info
INFO: Attempting to send notification...
Oct 01, 2025 1:34:22 PM com.bridgepattern.util.AppLogger info
INFO: Preparing to send push notification to 7654567890 using PushSender
Oct 01, 2025 1:34:22 PM com.bridgepattern.util.AppLogger info
INFO: Push notification sent to 7654567890: Push: jhgh
Oct 01, 2025 1:34:22 PM com.bridgepattern.util.AppLogger info
INFO: Push notification successfully processed for 7654567890
Oct 01, 2025 1:34:40 PM com.bridgepattern.util.AppLogger info
INFO: Attempting to send notification...
Oct 01, 2025 1:34:40 PM com.bridgepattern.util.AppLogger info
INFO: Preparing to send push notification to 7373959780 using PushSender
Oct 01, 2025 1:34:40 PM com.bridgepattern.util.AppLogger info
INFO: Push notification sent to 7373959780: Push: whgfwhj
Oct 01, 2025 1:34:40 PM com.bridgepattern.util.AppLogger info
INFO: Push notification successfully processed for 7373959780
Oct 01, 2025 1:35:02 PM com.bridgepattern.util.AppLogger info
INFO: Attempting to send notification...
Oct 01, 2025 1:35:02 PM com.bridgepattern.util.AppLogger info
INFO: Preparing to send SMS notification to ssde using EmailSender
Oct 01, 2025 1:35:02 PM com.bridgepattern.util.AppLogger info
INFO: Email sent to ssde: SMS: vww
Oct 01, 2025 1:35:02 PM com.bridgepattern.util.AppLogger info
INFO: SMS notification successfully processed for ssde
Oct 01, 2025 1:35:07 PM com.bridgepattern.util.AppLogger info
INFO: Exiting Notification System Application.
